<?xml version="1.0" encoding="UTF-8"?>
<!-- Generated by org.testng.reporters.JUnitReportReporter -->
<testsuite skipped="0" hostname="DESKTOP-0P35L7C" name="com.vtiger.test.CreateVendor" tests="7" failures="0" timestamp="2019-11-13T09:20:54 IST" time="195.053" errors="0">
  <testcase name="createvendor" time="51.990" classname="com.vtiger.test.CreateVendor"/>
  <testcase name="vcatSearch" time="23.746" classname="com.vtiger.test.CreateVendor"/>
  <testcase name="quickcreatevendor" time="27.319" classname="com.vtiger.test.CreateVendor"/>
  <testcase name="vphnSearch" time="23.572" classname="com.vtiger.test.CreateVendor"/>
  <testcase name="vnoSearch" time="21.219" classname="com.vtiger.test.CreateVendor"/>
  <testcase name="vemailSearch" time="23.270" classname="com.vtiger.test.CreateVendor"/>
  <testcase name="vnameSearch" time="23.937" classname="com.vtiger.test.CreateVendor"/>
</testsuite> <!-- com.vtiger.test.CreateVendor -->
