<?xml version="1.0" encoding="UTF-8"?>
<!-- Generated by org.testng.reporters.JUnitReportReporter -->
<testsuite skipped="0" hostname="DESKTOP-0P35L7C" name="com.vtiger.test.DeleteVendor" tests="1" failures="0" timestamp="2019-11-12T18:01:16 IST" time="22.656" errors="0">
  <testcase name="vcatSearch" time="22.656" classname="com.vtiger.test.DeleteVendor"/>
</testsuite> <!-- com.vtiger.test.DeleteVendor -->
