<?xml version="1.0" encoding="UTF-8"?>
<!-- Generated by org.testng.reporters.JUnitReportReporter -->
<testsuite skipped="0" hostname="DESKTOP-0P35L7C" name="com.vtiger.test.EditVendor" tests="1" failures="0" timestamp="2019-11-12T16:46:14 IST" time="27.460" errors="0">
  <testcase name="vcatSearch" time="27.460" classname="com.vtiger.test.EditVendor"/>
</testsuite> <!-- com.vtiger.test.EditVendor -->
